2019/04/17 21:28:20 pre processing contracts/marketplace/features/ItemFeature.sol
2019/04/17 21:28:20 pre processing contracts/ein/util/SnowflakeEINOwnable.sol
2019/04/17 21:28:20 pre processing contracts/marketplace/features/Items.sol
2019/04/17 21:28:20 pre processing contracts/marketplace/features/ein/token/ERC721/address/AddressSnowflakeERC721.sol'
2019/04/17 21:28:20 pre processing contracts/marketplace/features/interfaces/marketplace/ItemInterface.sol'
2019/04/17 21:28:20 pre processing contracts/ein/util/EINOwnable.sol
2019/04/17 21:28:20 pre processing contracts/snowflake_custom/SnowflakeReader.sol
2019/04/17 21:28:20 pre processing contracts/marketplace/features/ein/token/ERC721/SnowflakeERC721.sol'
2019/04/17 21:28:20 pre processing contracts/marketplace/features/ein/token/ERC721/SnowflakeERC721Burnable.sol'
2019/04/17 21:28:20 pre processing contracts/marketplace/features/ein/token/ERC721/SnowflakeERC721Mintable.sol'
2019/04/17 21:28:20 pre processing contracts/interfaces/SnowflakeInterface.sol
2019/04/17 21:28:20 pre processing contracts/interfaces/IdentityRegistryInterface.sol
2019/04/17 21:28:20 pre processing contracts/marketplace/features/ein/token/ERC721/SnowflakeERC721.sol'
2019/04/17 21:28:20 pre processing contracts/marketplace/features/ein/token/ERC721/SnowflakeERC721Burnable.sol'
2019/04/17 21:28:20 pre processing contracts/marketplace/features/ein/token/ERC721/SnowflakeERC721Mintable.sol'
2019/04/17 21:28:20 pre processing contracts/marketplace/features/ein/token/ERC721/address/AddressSnowflakeERC721.sol'
2019/04/17 21:28:20 pre processing contracts/marketplace/features/interfaces/marketplace/ItemInterface.sol'
2019/04/17 21:28:20 Resolved  SnowflakeERC721.sol'
2019/04/17 21:28:20 Resolved  SnowflakeERC721Burnable.sol'
2019/04/17 21:28:20 Resolved  SnowflakeERC721Mintable.sol'
2019/04/17 21:28:20 Resolved  SnowflakeInterface.sol
2019/04/17 21:28:20 SnowflakeEINOwnable.sol remains unresolved
2019/04/17 21:28:20 ItemFeature.sol remains unresolved
2019/04/17 21:28:20 Resolved  EINOwnable.sol
2019/04/17 21:28:20 SnowflakeReader.sol remains unresolved
2019/04/17 21:28:20 Resolved  IdentityRegistryInterface.sol
2019/04/17 21:28:20 Items.sol remains unresolved
2019/04/17 21:28:20 Resolved  AddressSnowflakeERC721.sol'
2019/04/17 21:28:20 Resolved  ItemInterface.sol'
2019/04/17 21:28:20 Written AddressSnowflakeERC721.sol' (0) lines
2019/04/17 21:28:20 Written ItemInterface.sol' (0) lines
2019/04/17 21:28:20 Items.sol remains unresolved
2019/04/17 21:28:20 ItemFeature.sol remains unresolved
2019/04/17 21:28:20 Written EINOwnable.sol (74) lines
2019/04/17 21:28:20 SnowflakeReader.sol remains unresolved
2019/04/17 21:28:20 Written SnowflakeERC721.sol' (0) lines
2019/04/17 21:28:20 Written SnowflakeERC721Burnable.sol' (0) lines
2019/04/17 21:28:20 Written SnowflakeERC721Mintable.sol' (0) lines
2019/04/17 21:28:20 Written SnowflakeInterface.sol (58) lines
2019/04/17 21:28:20 SnowflakeEINOwnable.sol remains unresolved
2019/04/17 21:28:20 Written IdentityRegistryInterface.sol (52) lines
2019/04/17 21:28:20 SnowflakeEINOwnable.sol remains unresolved
2019/04/17 21:28:20 ItemFeature.sol remains unresolved
2019/04/17 21:28:20 Resolved  SnowflakeReader.sol
2019/04/17 21:28:20 Resolved  Items.sol
2019/04/17 21:28:20 Written Items.sol (154) lines
2019/04/17 21:28:20 SnowflakeEINOwnable.sol remains unresolved
2019/04/17 21:28:20 ItemFeature.sol remains unresolved
2019/04/17 21:28:20 Written SnowflakeReader.sol (28) lines
2019/04/17 21:28:20 Resolved  SnowflakeEINOwnable.sol
2019/04/17 21:28:20 ItemFeature.sol remains unresolved
2019/04/17 21:28:20 Written SnowflakeEINOwnable.sol (38) lines
2019/04/17 21:28:20 Resolved  ItemFeature.sol
2019/04/17 21:28:20 Written ItemFeature.sol (80) lines
